<?xml version="1.0" encoding="UTF-8"?>
<!-- Generated by org.testng.reporters.JUnitReportReporter -->
<testsuite skipped="0" hostname="A3375L" name="TestRunners.Sampltest" tests="4" failures="0" timestamp="2023-04-19T12:43:08 IST" time="0.002" errors="0">
  <testcase name="findstoreswithLocation" time="0.000" classname="TestRunners.Sampltest"/>
  <system-out/>
  <testcase name="findstoreswithLocation" time="0.002" classname="TestRunners.Sampltest"/>
  <system-out/>
  <testcase name="findstoreswithLocation" time="0.000" classname="TestRunners.Sampltest"/>
  <system-out/>
  <testcase name="findstoreswithLocation" time="0.000" classname="TestRunners.Sampltest"/>
  <system-out/>
</testsuite> <!-- TestRunners.Sampltest -->
