<?xml version="1.0" encoding="UTF-8"?>
<!-- Generated by org.testng.reporters.JUnitReportReporter -->
<testsuite skipped="0" hostname="A3375L" name="TestRunners.TestRunner" tests="3" failures="0" timestamp="2023-04-19T12:43:08 IST" time="61.934" errors="0">
  <testcase name="runScenario" time="11.814" classname="TestRunners.TestRunner"/>
  <system-out/>
  <testcase name="runScenario" time="12.364" classname="TestRunners.TestRunner"/>
  <system-out/>
  <testcase name="runScenario" time="37.756" classname="TestRunners.TestRunner"/>
  <system-out/>
</testsuite> <!-- TestRunners.TestRunner -->
